{"C:\\Users\\yokozuna_47\\Documents\\Exo\\Intégration_et_Sécurisation_d_une_BDD\\backend-diary\\server.js": {"path":"C:\\Users\\yokozuna_47\\Documents\\Exo\\Intégration_et_Sécurisation_d_une_BDD\\backend-diary\\server.js","statementMap":{"0":{"start":{"line":1,"column":16},"end":{"line":1,"column":34}},"1":{"start":{"line":2,"column":0},"end":{"line":2,"column":27}},"2":{"start":{"line":3,"column":12},"end":{"line":3,"column":21}},"3":{"start":{"line":4,"column":21},"end":{"line":4,"column":45}},"4":{"start":{"line":5,"column":15},"end":{"line":5,"column":32}},"5":{"start":{"line":6,"column":13},"end":{"line":6,"column":28}},"6":{"start":{"line":7,"column":18},"end":{"line":7,"column":47}},"7":{"start":{"line":9,"column":13},"end":{"line":9,"column":37}},"8":{"start":{"line":12,"column":0},"end":{"line":12,"column":18}},"9":{"start":{"line":13,"column":0},"end":{"line":13,"column":16}},"10":{"start":{"line":14,"column":0},"end":{"line":14,"column":24}},"11":{"start":{"line":15,"column":0},"end":{"line":15,"column":24}},"12":{"start":{"line":18,"column":20},"end":{"line":22,"column":2}},"13":{"start":{"line":25,"column":0},"end":{"line":25,"column":41}},"14":{"start":{"line":26,"column":0},"end":{"line":26,"column":44}},"15":{"start":{"line":29,"column":27},"end":{"line":29,"column":54}},"16":{"start":{"line":30,"column":0},"end":{"line":39,"column":3}},"17":{"start":{"line":31,"column":22},"end":{"line":31,"column":39}},"18":{"start":{"line":32,"column":2},"end":{"line":37,"column":4}},"19":{"start":{"line":33,"column":4},"end":{"line":35,"column":5}},"20":{"start":{"line":34,"column":6},"end":{"line":34,"column":55}},"21":{"start":{"line":36,"column":4},"end":{"line":36,"column":37}},"22":{"start":{"line":38,"column":2},"end":{"line":38,"column":9}},"23":{"start":{"line":42,"column":19},"end":{"line":42,"column":53}},"24":{"start":{"line":43,"column":0},"end":{"line":43,"column":34}},"25":{"start":{"line":46,"column":0},"end":{"line":48,"column":3}},"26":{"start":{"line":47,"column":2},"end":{"line":47,"column":84}},"27":{"start":{"line":51,"column":0},"end":{"line":58,"column":3}},"28":{"start":{"line":52,"column":2},"end":{"line":56,"column":5}},"29":{"start":{"line":57,"column":2},"end":{"line":57,"column":40}},"30":{"start":{"line":60,"column":0},"end":{"line":63,"column":3}},"31":{"start":{"line":61,"column":21},"end":{"line":61,"column":43}},"32":{"start":{"line":62,"column":2},"end":{"line":62,"column":47}},"33":{"start":{"line":66,"column":0},"end":{"line":66,"column":26}},"34":{"start":{"line":69,"column":0},"end":{"line":71,"column":3}},"35":{"start":{"line":70,"column":2},"end":{"line":70,"column":48}},"36":{"start":{"line":74,"column":0},"end":{"line":78,"column":1}},"37":{"start":{"line":75,"column":2},"end":{"line":77,"column":5}},"38":{"start":{"line":76,"column":4},"end":{"line":76,"column":62}},"39":{"start":{"line":80,"column":0},"end":{"line":80,"column":21}}},"fnMap":{"0":{"name":"(anonymous_0)","decl":{"start":{"line":30,"column":8},"end":{"line":30,"column":9}},"loc":{"start":{"line":30,"column":28},"end":{"line":39,"column":1}},"line":30},"1":{"name":"(anonymous_1)","decl":{"start":{"line":32,"column":12},"end":{"line":32,"column":13}},"loc":{"start":{"line":32,"column":30},"end":{"line":37,"column":3}},"line":32},"2":{"name":"(anonymous_2)","decl":{"start":{"line":46,"column":19},"end":{"line":46,"column":20}},"loc":{"start":{"line":46,"column":33},"end":{"line":48,"column":1}},"line":46},"3":{"name":"(anonymous_3)","decl":{"start":{"line":51,"column":20},"end":{"line":51,"column":21}},"loc":{"start":{"line":51,"column":34},"end":{"line":58,"column":1}},"line":51},"4":{"name":"(anonymous_4)","decl":{"start":{"line":60,"column":25},"end":{"line":60,"column":26}},"loc":{"start":{"line":60,"column":39},"end":{"line":63,"column":1}},"line":60},"5":{"name":"(anonymous_5)","decl":{"start":{"line":69,"column":13},"end":{"line":69,"column":14}},"loc":{"start":{"line":69,"column":27},"end":{"line":71,"column":1}},"line":69},"6":{"name":"(anonymous_6)","decl":{"start":{"line":75,"column":19},"end":{"line":75,"column":20}},"loc":{"start":{"line":75,"column":25},"end":{"line":77,"column":3}},"line":75}},"branchMap":{"0":{"loc":{"start":{"line":9,"column":13},"end":{"line":9,"column":37}},"type":"binary-expr","locations":[{"start":{"line":9,"column":13},"end":{"line":9,"column":29}},{"start":{"line":9,"column":33},"end":{"line":9,"column":37}}],"line":9},"1":{"loc":{"start":{"line":33,"column":4},"end":{"line":35,"column":5}},"type":"if","locations":[{"start":{"line":33,"column":4},"end":{"line":35,"column":5}},{"start":{},"end":{}}],"line":33},"2":{"loc":{"start":{"line":74,"column":0},"end":{"line":78,"column":1}},"type":"if","locations":[{"start":{"line":74,"column":0},"end":{"line":78,"column":1}},{"start":{},"end":{}}],"line":74}},"s":{"0":3,"1":3,"2":3,"3":3,"4":3,"5":3,"6":3,"7":3,"8":3,"9":3,"10":3,"11":3,"12":3,"13":3,"14":3,"15":3,"16":3,"17":9,"18":9,"19":36,"20":0,"21":36,"22":9,"23":3,"24":3,"25":3,"26":0,"27":3,"28":0,"29":0,"30":3,"31":0,"32":0,"33":3,"34":3,"35":1,"36":3,"37":0,"38":0,"39":3},"f":{"0":9,"1":36,"2":0,"3":0,"4":0,"5":1,"6":0},"b":{"0":[3,3],"1":[0,36],"2":[0,3]},"_coverageSchema":"1a1c01bbd47fc00a2c39e90264f33305004495a9","hash":"754c855e606df26193cea9c0869f50532c8bdddf"}
,"C:\\Users\\yokozuna_47\\Documents\\Exo\\Intégration_et_Sécurisation_d_une_BDD\\backend-diary\\swagger.js": {"path":"C:\\Users\\yokozuna_47\\Documents\\Exo\\Intégration_et_Sécurisation_d_une_BDD\\backend-diary\\swagger.js","statementMap":{"0":{"start":{"line":1,"column":21},"end":{"line":1,"column":45}},"1":{"start":{"line":2,"column":18},"end":{"line":2,"column":47}},"2":{"start":{"line":4,"column":16},"end":{"line":20,"column":1}},"3":{"start":{"line":22,"column":14},"end":{"line":22,"column":35}},"4":{"start":{"line":24,"column":0},"end":{"line":26,"column":2}},"5":{"start":{"line":25,"column":2},"end":{"line":25,"column":64}}},"fnMap":{"0":{"name":"(anonymous_0)","decl":{"start":{"line":24,"column":17},"end":{"line":24,"column":18}},"loc":{"start":{"line":24,"column":26},"end":{"line":26,"column":1}},"line":24}},"branchMap":{},"s":{"0":3,"1":3,"2":3,"3":3,"4":3,"5":3},"f":{"0":3},"b":{},"_coverageSchema":"1a1c01bbd47fc00a2c39e90264f33305004495a9","hash":"d0b02ae206646e527ddc22b9ee2418c58ee73387"}
,"C:\\Users\\yokozuna_47\\Documents\\Exo\\Intégration_et_Sécurisation_d_une_BDD\\backend-diary\\app\\controllers\\userController.js": {"path":"C:\\Users\\yokozuna_47\\Documents\\Exo\\Intégration_et_Sécurisation_d_une_BDD\\backend-diary\\app\\controllers\\userController.js","statementMap":{"0":{"start":{"line":1,"column":12},"end":{"line":1,"column":35}},"1":{"start":{"line":9,"column":4},"end":{"line":9,"column":38}},"2":{"start":{"line":14,"column":17},"end":{"line":34,"column":1}},"3":{"start":{"line":15,"column":51},"end":{"line":15,"column":59}},"4":{"start":{"line":17,"column":2},"end":{"line":33,"column":3}},"5":{"start":{"line":18,"column":25},"end":{"line":18,"column":53}},"6":{"start":{"line":19,"column":4},"end":{"line":21,"column":5}},"7":{"start":{"line":20,"column":6},"end":{"line":20,"column":67}},"8":{"start":{"line":23,"column":17},"end":{"line":23,"column":75}},"9":{"start":{"line":24,"column":4},"end":{"line":24,"column":75}},"10":{"start":{"line":27,"column":4},"end":{"line":29,"column":5}},"11":{"start":{"line":28,"column":6},"end":{"line":28,"column":75}},"12":{"start":{"line":31,"column":4},"end":{"line":31,"column":51}},"13":{"start":{"line":32,"column":4},"end":{"line":32,"column":61}},"14":{"start":{"line":39,"column":14},"end":{"line":65,"column":1}},"15":{"start":{"line":40,"column":30},"end":{"line":40,"column":38}},"16":{"start":{"line":42,"column":2},"end":{"line":64,"column":3}},"17":{"start":{"line":43,"column":17},"end":{"line":43,"column":45}},"18":{"start":{"line":44,"column":4},"end":{"line":46,"column":5}},"19":{"start":{"line":45,"column":6},"end":{"line":45,"column":71}},"20":{"start":{"line":48,"column":28},"end":{"line":48,"column":73}},"21":{"start":{"line":49,"column":4},"end":{"line":51,"column":5}},"22":{"start":{"line":50,"column":6},"end":{"line":50,"column":71}},"23":{"start":{"line":53,"column":18},"end":{"line":57,"column":5}},"24":{"start":{"line":59,"column":4},"end":{"line":59,"column":54}},"25":{"start":{"line":62,"column":4},"end":{"line":62,"column":50}},"26":{"start":{"line":63,"column":4},"end":{"line":63,"column":54}},"27":{"start":{"line":70,"column":19},"end":{"line":90,"column":1}},"28":{"start":{"line":71,"column":2},"end":{"line":89,"column":3}},"29":{"start":{"line":72,"column":17},"end":{"line":72,"column":54}},"30":{"start":{"line":73,"column":4},"end":{"line":75,"column":5}},"31":{"start":{"line":74,"column":6},"end":{"line":74,"column":71}},"32":{"start":{"line":77,"column":4},"end":{"line":85,"column":7}},"33":{"start":{"line":87,"column":4},"end":{"line":87,"column":41}},"34":{"start":{"line":88,"column":4},"end":{"line":88,"column":54}},"35":{"start":{"line":95,"column":22},"end":{"line":115,"column":1}},"36":{"start":{"line":96,"column":41},"end":{"line":96,"column":49}},"37":{"start":{"line":98,"column":2},"end":{"line":114,"column":3}},"38":{"start":{"line":99,"column":17},"end":{"line":99,"column":54}},"39":{"start":{"line":100,"column":4},"end":{"line":102,"column":5}},"40":{"start":{"line":101,"column":6},"end":{"line":101,"column":71}},"41":{"start":{"line":104,"column":4},"end":{"line":104,"column":49}},"42":{"start":{"line":105,"column":4},"end":{"line":105,"column":46}},"43":{"start":{"line":106,"column":4},"end":{"line":106,"column":37}},"44":{"start":{"line":108,"column":4},"end":{"line":108,"column":22}},"45":{"start":{"line":109,"column":4},"end":{"line":109,"column":53}},"46":{"start":{"line":112,"column":4},"end":{"line":112,"column":44}},"47":{"start":{"line":113,"column":4},"end":{"line":113,"column":54}},"48":{"start":{"line":120,"column":22},"end":{"line":134,"column":1}},"49":{"start":{"line":121,"column":2},"end":{"line":133,"column":3}},"50":{"start":{"line":122,"column":17},"end":{"line":122,"column":54}},"51":{"start":{"line":123,"column":4},"end":{"line":125,"column":5}},"52":{"start":{"line":124,"column":6},"end":{"line":124,"column":71}},"53":{"start":{"line":127,"column":4},"end":{"line":127,"column":25}},"54":{"start":{"line":128,"column":4},"end":{"line":128,"column":45}},"55":{"start":{"line":131,"column":4},"end":{"line":131,"column":49}},"56":{"start":{"line":132,"column":4},"end":{"line":132,"column":54}},"57":{"start":{"line":139,"column":20},"end":{"line":147,"column":1}},"58":{"start":{"line":140,"column":2},"end":{"line":146,"column":3}},"59":{"start":{"line":141,"column":18},"end":{"line":141,"column":48}},"60":{"start":{"line":142,"column":4},"end":{"line":142,"column":24}},"61":{"start":{"line":144,"column":4},"end":{"line":144,"column":50}},"62":{"start":{"line":145,"column":4},"end":{"line":145,"column":54}},"63":{"start":{"line":150,"column":0},"end":{"line":157,"column":2}}},"fnMap":{"0":{"name":"(anonymous_0)","decl":{"start":{"line":14,"column":17},"end":{"line":14,"column":18}},"loc":{"start":{"line":14,"column":37},"end":{"line":34,"column":1}},"line":14},"1":{"name":"(anonymous_1)","decl":{"start":{"line":39,"column":14},"end":{"line":39,"column":15}},"loc":{"start":{"line":39,"column":34},"end":{"line":65,"column":1}},"line":39},"2":{"name":"(anonymous_2)","decl":{"start":{"line":70,"column":19},"end":{"line":70,"column":20}},"loc":{"start":{"line":70,"column":39},"end":{"line":90,"column":1}},"line":70},"3":{"name":"(anonymous_3)","decl":{"start":{"line":95,"column":22},"end":{"line":95,"column":23}},"loc":{"start":{"line":95,"column":42},"end":{"line":115,"column":1}},"line":95},"4":{"name":"(anonymous_4)","decl":{"start":{"line":120,"column":22},"end":{"line":120,"column":23}},"loc":{"start":{"line":120,"column":42},"end":{"line":134,"column":1}},"line":120},"5":{"name":"(anonymous_5)","decl":{"start":{"line":139,"column":20},"end":{"line":139,"column":21}},"loc":{"start":{"line":139,"column":41},"end":{"line":147,"column":1}},"line":139}},"branchMap":{"0":{"loc":{"start":{"line":19,"column":4},"end":{"line":21,"column":5}},"type":"if","locations":[{"start":{"line":19,"column":4},"end":{"line":21,"column":5}},{"start":{},"end":{}}],"line":19},"1":{"loc":{"start":{"line":27,"column":4},"end":{"line":29,"column":5}},"type":"if","locations":[{"start":{"line":27,"column":4},"end":{"line":29,"column":5}},{"start":{},"end":{}}],"line":27},"2":{"loc":{"start":{"line":44,"column":4},"end":{"line":46,"column":5}},"type":"if","locations":[{"start":{"line":44,"column":4},"end":{"line":46,"column":5}},{"start":{},"end":{}}],"line":44},"3":{"loc":{"start":{"line":49,"column":4},"end":{"line":51,"column":5}},"type":"if","locations":[{"start":{"line":49,"column":4},"end":{"line":51,"column":5}},{"start":{},"end":{}}],"line":49},"4":{"loc":{"start":{"line":73,"column":4},"end":{"line":75,"column":5}},"type":"if","locations":[{"start":{"line":73,"column":4},"end":{"line":75,"column":5}},{"start":{},"end":{}}],"line":73},"5":{"loc":{"start":{"line":100,"column":4},"end":{"line":102,"column":5}},"type":"if","locations":[{"start":{"line":100,"column":4},"end":{"line":102,"column":5}},{"start":{},"end":{}}],"line":100},"6":{"loc":{"start":{"line":104,"column":21},"end":{"line":104,"column":48}},"type":"binary-expr","locations":[{"start":{"line":104,"column":21},"end":{"line":104,"column":30}},{"start":{"line":104,"column":34},"end":{"line":104,"column":48}}],"line":104},"7":{"loc":{"start":{"line":105,"column":20},"end":{"line":105,"column":45}},"type":"binary-expr","locations":[{"start":{"line":105,"column":20},"end":{"line":105,"column":28}},{"start":{"line":105,"column":32},"end":{"line":105,"column":45}}],"line":105},"8":{"loc":{"start":{"line":106,"column":17},"end":{"line":106,"column":36}},"type":"binary-expr","locations":[{"start":{"line":106,"column":17},"end":{"line":106,"column":22}},{"start":{"line":106,"column":26},"end":{"line":106,"column":36}}],"line":106},"9":{"loc":{"start":{"line":123,"column":4},"end":{"line":125,"column":5}},"type":"if","locations":[{"start":{"line":123,"column":4},"end":{"line":125,"column":5}},{"start":{},"end":{}}],"line":123}},"s":{"0":3,"1":3,"2":3,"3":2,"4":2,"5":2,"6":2,"7":1,"8":1,"9":1,"10":0,"11":0,"12":0,"13":0,"14":3,"15":6,"16":6,"17":6,"18":5,"19":2,"20":3,"21":3,"22":1,"23":2,"24":2,"25":1,"26":1,"27":3,"28":0,"29":0,"30":0,"31":0,"32":0,"33":0,"34":0,"35":3,"36":0,"37":0,"38":0,"39":0,"40":0,"41":0,"42":0,"43":0,"44":0,"45":0,"46":0,"47":0,"48":3,"49":0,"50":0,"51":0,"52":0,"53":0,"54":0,"55":0,"56":0,"57":3,"58":0,"59":0,"60":0,"61":0,"62":0,"63":3},"f":{"0":2,"1":6,"2":0,"3":0,"4":0,"5":0},"b":{"0":[1,1],"1":[0,0],"2":[2,3],"3":[1,2],"4":[0,0],"5":[0,0],"6":[0,0],"7":[0,0],"8":[0,0],"9":[0,0]},"_coverageSchema":"1a1c01bbd47fc00a2c39e90264f33305004495a9","hash":"4214a373a1b26119286e3de835a759aa04f7fa3a"}
,"C:\\Users\\yokozuna_47\\Documents\\Exo\\Intégration_et_Sécurisation_d_une_BDD\\backend-diary\\app\\middlewares\\auth.js": {"path":"C:\\Users\\yokozuna_47\\Documents\\Exo\\Intégration_et_Sécurisation_d_une_BDD\\backend-diary\\app\\middlewares\\auth.js","statementMap":{"0":{"start":{"line":1,"column":12},"end":{"line":1,"column":35}},"1":{"start":{"line":3,"column":0},"end":{"line":21,"column":2}},"2":{"start":{"line":4,"column":2},"end":{"line":20,"column":3}},"3":{"start":{"line":6,"column":23},"end":{"line":6,"column":48}},"4":{"start":{"line":8,"column":4},"end":{"line":10,"column":5}},"5":{"start":{"line":9,"column":6},"end":{"line":9,"column":76}},"6":{"start":{"line":12,"column":18},"end":{"line":12,"column":42}},"7":{"start":{"line":13,"column":20},"end":{"line":13,"column":61}},"8":{"start":{"line":16,"column":4},"end":{"line":16,"column":23}},"9":{"start":{"line":17,"column":4},"end":{"line":17,"column":11}},"10":{"start":{"line":19,"column":4},"end":{"line":19,"column":61}}},"fnMap":{"0":{"name":"(anonymous_0)","decl":{"start":{"line":3,"column":17},"end":{"line":3,"column":18}},"loc":{"start":{"line":3,"column":37},"end":{"line":21,"column":1}},"line":3}},"branchMap":{"0":{"loc":{"start":{"line":8,"column":4},"end":{"line":10,"column":5}},"type":"if","locations":[{"start":{"line":8,"column":4},"end":{"line":10,"column":5}},{"start":{},"end":{}}],"line":8},"1":{"loc":{"start":{"line":8,"column":8},"end":{"line":8,"column":56}},"type":"binary-expr","locations":[{"start":{"line":8,"column":8},"end":{"line":8,"column":19}},{"start":{"line":8,"column":23},"end":{"line":8,"column":56}}],"line":8}},"s":{"0":3,"1":3,"2":0,"3":0,"4":0,"5":0,"6":0,"7":0,"8":0,"9":0,"10":0},"f":{"0":0},"b":{"0":[0,0],"1":[0,0]},"_coverageSchema":"1a1c01bbd47fc00a2c39e90264f33305004495a9","hash":"1d0dfcdf104fa87eba1847f7ac21932ac648ddd7"}
,"C:\\Users\\yokozuna_47\\Documents\\Exo\\Intégration_et_Sécurisation_d_une_BDD\\backend-diary\\app\\middlewares\\requireAdmin.js": {"path":"C:\\Users\\yokozuna_47\\Documents\\Exo\\Intégration_et_Sécurisation_d_une_BDD\\backend-diary\\app\\middlewares\\requireAdmin.js","statementMap":{"0":{"start":{"line":3,"column":0},"end":{"line":12,"column":2}},"1":{"start":{"line":5,"column":2},"end":{"line":8,"column":3}},"2":{"start":{"line":7,"column":4},"end":{"line":7,"column":80}},"3":{"start":{"line":11,"column":2},"end":{"line":11,"column":9}}},"fnMap":{"0":{"name":"(anonymous_0)","decl":{"start":{"line":3,"column":17},"end":{"line":3,"column":18}},"loc":{"start":{"line":3,"column":37},"end":{"line":12,"column":1}},"line":3}},"branchMap":{"0":{"loc":{"start":{"line":5,"column":2},"end":{"line":8,"column":3}},"type":"if","locations":[{"start":{"line":5,"column":2},"end":{"line":8,"column":3}},{"start":{},"end":{}}],"line":5}},"s":{"0":3,"1":0,"2":0,"3":0},"f":{"0":0},"b":{"0":[0,0]},"_coverageSchema":"1a1c01bbd47fc00a2c39e90264f33305004495a9","hash":"1ca744ff13886602d0471b78a2ef8d6f658d2129"}
,"C:\\Users\\yokozuna_47\\Documents\\Exo\\Intégration_et_Sécurisation_d_une_BDD\\backend-diary\\app\\routes\\userRoutes.js": {"path":"C:\\Users\\yokozuna_47\\Documents\\Exo\\Intégration_et_Sécurisation_d_une_BDD\\backend-diary\\app\\routes\\userRoutes.js","statementMap":{"0":{"start":{"line":2,"column":16},"end":{"line":2,"column":34}},"1":{"start":{"line":3,"column":15},"end":{"line":3,"column":31}},"2":{"start":{"line":13,"column":4},"end":{"line":13,"column":44}},"3":{"start":{"line":16,"column":13},"end":{"line":16,"column":43}},"4":{"start":{"line":17,"column":21},"end":{"line":17,"column":59}},"5":{"start":{"line":49,"column":0},"end":{"line":49,"column":35}},"6":{"start":{"line":77,"column":0},"end":{"line":77,"column":29}},"7":{"start":{"line":95,"column":0},"end":{"line":95,"column":36}},"8":{"start":{"line":123,"column":0},"end":{"line":123,"column":39}},"9":{"start":{"line":139,"column":0},"end":{"line":139,"column":42}},"10":{"start":{"line":157,"column":0},"end":{"line":157,"column":54}},"11":{"start":{"line":160,"column":0},"end":{"line":160,"column":24}}},"fnMap":{},"branchMap":{},"s":{"0":3,"1":3,"2":3,"3":3,"4":3,"5":3,"6":3,"7":3,"8":3,"9":3,"10":3,"11":3},"f":{},"b":{},"_coverageSchema":"1a1c01bbd47fc00a2c39e90264f33305004495a9","hash":"565a183a54e77c6c9ef8921a02d98d7266c888c7"}
,"C:\\Users\\yokozuna_47\\Documents\\Exo\\Intégration_et_Sécurisation_d_une_BDD\\backend-diary\\app\\services\\userService.js": {"path":"C:\\Users\\yokozuna_47\\Documents\\Exo\\Intégration_et_Sécurisation_d_une_BDD\\backend-diary\\app\\services\\userService.js","statementMap":{"0":{"start":{"line":1,"column":17},"end":{"line":1,"column":40}},"1":{"start":{"line":2,"column":15},"end":{"line":2,"column":32}},"2":{"start":{"line":6,"column":2},"end":{"line":6,"column":50}},"3":{"start":{"line":11,"column":25},"end":{"line":11,"column":79}},"4":{"start":{"line":13,"column":15},"end":{"line":19,"column":4}},"5":{"start":{"line":21,"column":2},"end":{"line":21,"column":14}},"6":{"start":{"line":26,"column":2},"end":{"line":26,"column":60}},"7":{"start":{"line":29,"column":0},"end":{"line":33,"column":2}}},"fnMap":{"0":{"name":"findUserByEmail","decl":{"start":{"line":5,"column":15},"end":{"line":5,"column":30}},"loc":{"start":{"line":5,"column":38},"end":{"line":7,"column":1}},"line":5},"1":{"name":"createUser","decl":{"start":{"line":10,"column":15},"end":{"line":10,"column":25}},"loc":{"start":{"line":10,"column":68},"end":{"line":22,"column":1}},"line":10},"2":{"name":"verifyPassword","decl":{"start":{"line":25,"column":15},"end":{"line":25,"column":29}},"loc":{"start":{"line":25,"column":61},"end":{"line":27,"column":1}},"line":25}},"branchMap":{},"s":{"0":3,"1":3,"2":8,"3":1,"4":1,"5":1,"6":3,"7":3},"f":{"0":8,"1":1,"2":3},"b":{},"_coverageSchema":"1a1c01bbd47fc00a2c39e90264f33305004495a9","hash":"173290a93665852892e8baa9c0b4be989e7ab7ed"}
,"C:\\Users\\yokozuna_47\\Documents\\Exo\\Intégration_et_Sécurisation_d_une_BDD\\backend-diary\\config\\config.js": {"path":"C:\\Users\\yokozuna_47\\Documents\\Exo\\Intégration_et_Sécurisation_d_une_BDD\\backend-diary\\config\\config.js","statementMap":{"0":{"start":{"line":1,"column":0},"end":{"line":1,"column":84}},"1":{"start":{"line":3,"column":0},"end":{"line":24,"column":2}}},"fnMap":{},"branchMap":{"0":{"loc":{"start":{"line":1,"column":41},"end":{"line":1,"column":78}},"type":"binary-expr","locations":[{"start":{"line":1,"column":41},"end":{"line":1,"column":61}},{"start":{"line":1,"column":65},"end":{"line":1,"column":78}}],"line":1},"1":{"loc":{"start":{"line":16,"column":10},"end":{"line":16,"column":44}},"type":"binary-expr","locations":[{"start":{"line":16,"column":10},"end":{"line":16,"column":29}},{"start":{"line":16,"column":33},"end":{"line":16,"column":44}}],"line":16},"2":{"loc":{"start":{"line":17,"column":10},"end":{"line":17,"column":37}},"type":"binary-expr","locations":[{"start":{"line":17,"column":10},"end":{"line":17,"column":29}},{"start":{"line":17,"column":33},"end":{"line":17,"column":37}}],"line":17}},"s":{"0":3,"1":3},"f":{},"b":{"0":[3,0],"1":[3,0],"2":[3,0]},"_coverageSchema":"1a1c01bbd47fc00a2c39e90264f33305004495a9","hash":"1b22a76a96c300b650ed0eab67a1d1a9b07c9c1c"}
,"C:\\Users\\yokozuna_47\\Documents\\Exo\\Intégration_et_Sécurisation_d_une_BDD\\backend-diary\\models\\index.js": {"path":"C:\\Users\\yokozuna_47\\Documents\\Exo\\Intégration_et_Sécurisation_d_une_BDD\\backend-diary\\models\\index.js","statementMap":{"0":{"start":{"line":3,"column":11},"end":{"line":3,"column":24}},"1":{"start":{"line":4,"column":13},"end":{"line":4,"column":28}},"2":{"start":{"line":5,"column":18},"end":{"line":5,"column":38}},"3":{"start":{"line":6,"column":16},"end":{"line":6,"column":34}},"4":{"start":{"line":7,"column":17},"end":{"line":7,"column":42}},"5":{"start":{"line":8,"column":12},"end":{"line":8,"column":49}},"6":{"start":{"line":9,"column":15},"end":{"line":9,"column":63}},"7":{"start":{"line":10,"column":11},"end":{"line":10,"column":13}},"8":{"start":{"line":12,"column":0},"end":{"line":12,"column":50}},"9":{"start":{"line":15,"column":0},"end":{"line":19,"column":1}},"10":{"start":{"line":16,"column":2},"end":{"line":16,"column":74}},"11":{"start":{"line":18,"column":2},"end":{"line":18,"column":87}},"12":{"start":{"line":21,"column":0},"end":{"line":32,"column":5}},"13":{"start":{"line":24,"column":4},"end":{"line":27,"column":30}},"14":{"start":{"line":30,"column":18},"end":{"line":30,"column":85}},"15":{"start":{"line":31,"column":4},"end":{"line":31,"column":27}},"16":{"start":{"line":34,"column":0},"end":{"line":38,"column":3}},"17":{"start":{"line":35,"column":2},"end":{"line":37,"column":3}},"18":{"start":{"line":36,"column":4},"end":{"line":36,"column":32}},"19":{"start":{"line":40,"column":0},"end":{"line":40,"column":25}},"20":{"start":{"line":41,"column":0},"end":{"line":41,"column":25}},"21":{"start":{"line":43,"column":0},"end":{"line":45,"column":67}},"22":{"start":{"line":44,"column":14},"end":{"line":44,"column":56}},"23":{"start":{"line":45,"column":16},"end":{"line":45,"column":65}},"24":{"start":{"line":47,"column":0},"end":{"line":47,"column":20}}},"fnMap":{"0":{"name":"(anonymous_0)","decl":{"start":{"line":23,"column":10},"end":{"line":23,"column":11}},"loc":{"start":{"line":24,"column":4},"end":{"line":27,"column":30}},"line":24},"1":{"name":"(anonymous_1)","decl":{"start":{"line":29,"column":11},"end":{"line":29,"column":12}},"loc":{"start":{"line":29,"column":19},"end":{"line":32,"column":3}},"line":29},"2":{"name":"(anonymous_2)","decl":{"start":{"line":34,"column":24},"end":{"line":34,"column":25}},"loc":{"start":{"line":34,"column":37},"end":{"line":38,"column":1}},"line":34},"3":{"name":"(anonymous_3)","decl":{"start":{"line":44,"column":8},"end":{"line":44,"column":9}},"loc":{"start":{"line":44,"column":14},"end":{"line":44,"column":56}},"line":44},"4":{"name":"(anonymous_4)","decl":{"start":{"line":45,"column":9},"end":{"line":45,"column":10}},"loc":{"start":{"line":45,"column":16},"end":{"line":45,"column":65}},"line":45}},"branchMap":{"0":{"loc":{"start":{"line":8,"column":12},"end":{"line":8,"column":49}},"type":"binary-expr","locations":[{"start":{"line":8,"column":12},"end":{"line":8,"column":32}},{"start":{"line":8,"column":36},"end":{"line":8,"column":49}}],"line":8},"1":{"loc":{"start":{"line":15,"column":0},"end":{"line":19,"column":1}},"type":"if","locations":[{"start":{"line":15,"column":0},"end":{"line":19,"column":1}},{"start":{"line":17,"column":7},"end":{"line":19,"column":1}}],"line":15},"2":{"loc":{"start":{"line":24,"column":4},"end":{"line":27,"column":30}},"type":"binary-expr","locations":[{"start":{"line":24,"column":4},"end":{"line":24,"column":27}},{"start":{"line":25,"column":4},"end":{"line":25,"column":21}},{"start":{"line":26,"column":4},"end":{"line":26,"column":28}},{"start":{"line":27,"column":4},"end":{"line":27,"column":30}}],"line":24},"3":{"loc":{"start":{"line":35,"column":2},"end":{"line":37,"column":3}},"type":"if","locations":[{"start":{"line":35,"column":2},"end":{"line":37,"column":3}},{"start":{},"end":{}}],"line":35}},"s":{"0":3,"1":3,"2":3,"3":3,"4":3,"5":3,"6":3,"7":3,"8":3,"9":3,"10":0,"11":3,"12":3,"13":6,"14":3,"15":3,"16":3,"17":3,"18":3,"19":3,"20":3,"21":3,"22":3,"23":0,"24":3},"f":{"0":6,"1":3,"2":3,"3":3,"4":0},"b":{"0":[3,0],"1":[0,3],"2":[6,6,3,3],"3":[3,0]},"_coverageSchema":"1a1c01bbd47fc00a2c39e90264f33305004495a9","hash":"921752bdaf2c656394739077e72d03783205fcde"}
,"C:\\Users\\yokozuna_47\\Documents\\Exo\\Intégration_et_Sécurisation_d_une_BDD\\backend-diary\\models\\user.js": {"path":"C:\\Users\\yokozuna_47\\Documents\\Exo\\Intégration_et_Sécurisation_d_une_BDD\\backend-diary\\models\\user.js","statementMap":{"0":{"start":{"line":2,"column":18},"end":{"line":2,"column":38}},"1":{"start":{"line":4,"column":0},"end":{"line":37,"column":2}},"2":{"start":{"line":11,"column":2},"end":{"line":34,"column":5}},"3":{"start":{"line":36,"column":2},"end":{"line":36,"column":14}}},"fnMap":{"0":{"name":"(anonymous_0)","decl":{"start":{"line":4,"column":17},"end":{"line":4,"column":18}},"loc":{"start":{"line":4,"column":43},"end":{"line":37,"column":1}},"line":4},"1":{"name":"(anonymous_1)","decl":{"start":{"line":6,"column":4},"end":{"line":6,"column":5}},"loc":{"start":{"line":6,"column":35},"end":{"line":8,"column":5}},"line":6}},"branchMap":{},"s":{"0":3,"1":3,"2":3,"3":3},"f":{"0":3,"1":3},"b":{},"_coverageSchema":"1a1c01bbd47fc00a2c39e90264f33305004495a9","hash":"e632ec049e73132b59094129b1928ad9369c456d"}
,"C:\\Users\\yokozuna_47\\Documents\\Exo\\Intégration_et_Sécurisation_d_une_BDD\\backend-diary\\utils\\sanitize.js": {"path":"C:\\Users\\yokozuna_47\\Documents\\Exo\\Intégration_et_Sécurisation_d_une_BDD\\backend-diary\\utils\\sanitize.js","statementMap":{"0":{"start":{"line":7,"column":2},"end":{"line":7,"column":39}},"1":{"start":{"line":10,"column":0},"end":{"line":10,"column":36}}},"fnMap":{"0":{"name":"sanitizeHeader","decl":{"start":{"line":6,"column":9},"end":{"line":6,"column":23}},"loc":{"start":{"line":6,"column":31},"end":{"line":8,"column":1}},"line":6}},"branchMap":{},"s":{"0":0,"1":3},"f":{"0":0},"b":{},"_coverageSchema":"1a1c01bbd47fc00a2c39e90264f33305004495a9","hash":"d466843eeafa61c50521d202cf0128e046439a7a"}
}
