TN:
SF:server.js
FN:30,(anonymous_0)
FN:32,(anonymous_1)
FN:46,(anonymous_2)
FN:51,(anonymous_3)
FN:60,(anonymous_4)
FN:69,(anonymous_5)
FN:75,(anonymous_6)
FNF:7
FNH:3
FNDA:9,(anonymous_0)
FNDA:36,(anonymous_1)
FNDA:0,(anonymous_2)
FNDA:0,(anonymous_3)
FNDA:0,(anonymous_4)
FNDA:1,(anonymous_5)
FNDA:0,(anonymous_6)
DA:1,3
DA:2,3
DA:3,3
DA:4,3
DA:5,3
DA:6,3
DA:7,3
DA:9,3
DA:12,3
DA:13,3
DA:14,3
DA:15,3
DA:18,3
DA:25,3
DA:26,3
DA:29,3
DA:30,3
DA:31,9
DA:32,9
DA:33,36
DA:34,0
DA:36,36
DA:38,9
DA:42,3
DA:43,3
DA:46,3
DA:47,0
DA:51,3
DA:52,0
DA:57,0
DA:60,3
DA:61,0
DA:62,0
DA:66,3
DA:69,3
DA:70,1
DA:74,3
DA:75,0
DA:76,0
DA:80,3
LF:40
LH:32
BRDA:9,0,0,3
BRDA:9,0,1,3
BRDA:33,1,0,0
BRDA:33,1,1,36
BRDA:74,2,0,0
BRDA:74,2,1,3
BRF:6
BRH:4
end_of_record
TN:
SF:swagger.js
FN:24,(anonymous_0)
FNF:1
FNH:1
FNDA:3,(anonymous_0)
DA:1,3
DA:2,3
DA:4,3
DA:22,3
DA:24,3
DA:25,3
LF:6
LH:6
BRF:0
BRH:0
end_of_record
TN:
SF:app\controllers\userController.js
FN:14,(anonymous_0)
FN:39,(anonymous_1)
FN:70,(anonymous_2)
FN:95,(anonymous_3)
FN:120,(anonymous_4)
FN:139,(anonymous_5)
FNF:6
FNH:2
FNDA:2,(anonymous_0)
FNDA:6,(anonymous_1)
FNDA:0,(anonymous_2)
FNDA:0,(anonymous_3)
FNDA:0,(anonymous_4)
FNDA:0,(anonymous_5)
DA:1,3
DA:9,3
DA:14,3
DA:15,2
DA:17,2
DA:18,2
DA:19,2
DA:20,1
DA:23,1
DA:24,1
DA:27,0
DA:28,0
DA:31,0
DA:32,0
DA:39,3
DA:40,6
DA:42,6
DA:43,6
DA:44,5
DA:45,2
DA:48,3
DA:49,3
DA:50,1
DA:53,2
DA:59,2
DA:62,1
DA:63,1
DA:70,3
DA:71,0
DA:72,0
DA:73,0
DA:74,0
DA:77,0
DA:87,0
DA:88,0
DA:95,3
DA:96,0
DA:98,0
DA:99,0
DA:100,0
DA:101,0
DA:104,0
DA:105,0
DA:106,0
DA:108,0
DA:109,0
DA:112,0
DA:113,0
DA:120,3
DA:121,0
DA:122,0
DA:123,0
DA:124,0
DA:127,0
DA:128,0
DA:131,0
DA:132,0
DA:139,3
DA:140,0
DA:141,0
DA:142,0
DA:144,0
DA:145,0
DA:150,3
LF:64
LH:28
BRDA:19,0,0,1
BRDA:19,0,1,1
BRDA:27,1,0,0
BRDA:27,1,1,0
BRDA:44,2,0,2
BRDA:44,2,1,3
BRDA:49,3,0,1
BRDA:49,3,1,2
BRDA:73,4,0,0
BRDA:73,4,1,0
BRDA:100,5,0,0
BRDA:100,5,1,0
BRDA:104,6,0,0
BRDA:104,6,1,0
BRDA:105,7,0,0
BRDA:105,7,1,0
BRDA:106,8,0,0
BRDA:106,8,1,0
BRDA:123,9,0,0
BRDA:123,9,1,0
BRF:20
BRH:6
end_of_record
TN:
SF:app\middlewares\auth.js
FN:3,(anonymous_0)
FNF:1
FNH:0
FNDA:0,(anonymous_0)
DA:1,3
DA:3,3
DA:4,0
DA:6,0
DA:8,0
DA:9,0
DA:12,0
DA:13,0
DA:16,0
DA:17,0
DA:19,0
LF:11
LH:2
BRDA:8,0,0,0
BRDA:8,0,1,0
BRDA:8,1,0,0
BRDA:8,1,1,0
BRF:4
BRH:0
end_of_record
TN:
SF:app\middlewares\requireAdmin.js
FN:3,(anonymous_0)
FNF:1
FNH:0
FNDA:0,(anonymous_0)
DA:3,3
DA:5,0
DA:7,0
DA:11,0
LF:4
LH:1
BRDA:5,0,0,0
BRDA:5,0,1,0
BRF:2
BRH:0
end_of_record
TN:
SF:app\routes\userRoutes.js
FNF:0
FNH:0
DA:2,3
DA:3,3
DA:13,3
DA:16,3
DA:17,3
DA:49,3
DA:77,3
DA:95,3
DA:123,3
DA:139,3
DA:157,3
DA:160,3
LF:12
LH:12
BRF:0
BRH:0
end_of_record
TN:
SF:app\services\userService.js
FN:5,findUserByEmail
FN:10,createUser
FN:25,verifyPassword
FNF:3
FNH:3
FNDA:8,findUserByEmail
FNDA:1,createUser
FNDA:3,verifyPassword
DA:1,3
DA:2,3
DA:6,8
DA:11,1
DA:13,1
DA:21,1
DA:26,3
DA:29,3
LF:8
LH:8
BRF:0
BRH:0
end_of_record
TN:
SF:config\config.js
FNF:0
FNH:0
DA:1,3
DA:3,3
LF:2
LH:2
BRDA:1,0,0,3
BRDA:1,0,1,0
BRDA:16,1,0,3
BRDA:16,1,1,0
BRDA:17,2,0,3
BRDA:17,2,1,0
BRF:6
BRH:3
end_of_record
TN:
SF:models\index.js
FN:23,(anonymous_0)
FN:29,(anonymous_1)
FN:34,(anonymous_2)
FN:44,(anonymous_3)
FN:45,(anonymous_4)
FNF:5
FNH:4
FNDA:6,(anonymous_0)
FNDA:3,(anonymous_1)
FNDA:3,(anonymous_2)
FNDA:3,(anonymous_3)
FNDA:0,(anonymous_4)
DA:3,3
DA:4,3
DA:5,3
DA:6,3
DA:7,3
DA:8,3
DA:9,3
DA:10,3
DA:12,3
DA:15,3
DA:16,0
DA:18,3
DA:21,3
DA:24,6
DA:30,3
DA:31,3
DA:34,3
DA:35,3
DA:36,3
DA:40,3
DA:41,3
DA:43,3
DA:44,3
DA:45,0
DA:47,3
LF:25
LH:23
BRDA:8,0,0,3
BRDA:8,0,1,0
BRDA:15,1,0,0
BRDA:15,1,1,3
BRDA:24,2,0,6
BRDA:24,2,1,6
BRDA:24,2,2,3
BRDA:24,2,3,3
BRDA:35,3,0,3
BRDA:35,3,1,0
BRF:10
BRH:7
end_of_record
TN:
SF:models\user.js
FN:4,(anonymous_0)
FN:6,(anonymous_1)
FNF:2
FNH:2
FNDA:3,(anonymous_0)
FNDA:3,(anonymous_1)
DA:2,3
DA:4,3
DA:11,3
DA:36,3
LF:4
LH:4
BRF:0
BRH:0
end_of_record
TN:
SF:utils\sanitize.js
FN:6,sanitizeHeader
FNF:1
FNH:0
FNDA:0,sanitizeHeader
DA:7,0
DA:10,3
LF:2
LH:1
BRF:0
BRH:0
end_of_record
